<?xml version="1.0" encoding="UTF-8"?>
<testng-results skipped="0" failed="0" ignored="0" total="1" passed="1">
  <reporter-output>
  </reporter-output>
  <suite name="Default suite" duration-ms="26542" started-at="2023-02-01T20:47:03 IST" finished-at="2023-02-01T20:47:29 IST">
    <groups>
    </groups>
    <test name="Default test" duration-ms="26542" started-at="2023-02-01T20:47:03 IST" finished-at="2023-02-01T20:47:29 IST">
      <class name="A2_BingTest.a1_BingTest">
        <test-method status="PASS" signature="VerifyGooglePage()[pri:0, instance:A2_BingTest.a1_BingTest@69b0fd6f]" name="VerifyGooglePage" duration-ms="26480" started-at="2023-02-01T20:47:03 IST" finished-at="2023-02-01T20:47:29 IST">
          <reporter-output>
          </reporter-output>
        </test-method> <!-- VerifyGooglePage -->
      </class> <!-- A2_BingTest.a1_BingTest -->
    </test> <!-- Default test -->
  </suite> <!-- Default suite -->
</testng-results>
